# JRE version: OpenJDK Runtime Environment (8.0_242-b01) (build 1.8.0_242-release-1644-b01)
# Java VM: OpenJDK 64-Bit Server VM (25.242-b01 mixed mode windows-amd64 compressed oops)
Heap:
 PSYoungGen      total 214528K, used 35641K [0x00000000d5580000, 0x00000000e7d00000, 0x0000000100000000)
  eden space 154624K, 18% used [0x00000000d5580000,0x00000000d71b29d0,0x00000000dec80000)
  from space 59904K, 11% used [0x00000000e2f80000,0x00000000e361bbd0,0x00000000e6a00000)
  to   space 68608K, 0% used [0x00000000dec80000,0x00000000dec80000,0x00000000e2f80000)
 ParOldGen       total 283648K, used 137369K [0x0000000080000000, 0x0000000091500000, 0x00000000d5580000)
  object space 283648K, 48% used [0x0000000080000000,0x0000000088626540,0x0000000091500000)
 Metaspace       used 89306K, capacity 93576K, committed 94640K, reserved 1130496K
  class space    used 11875K, capacity 12671K, committed 12976K, reserved 1048576K
GC Heap History (10 events):
Event: 552.655 GC heap before
{Heap before GC invocations=24 (full 3):
 PSYoungGen      total 173568K, used 162115K [0x00000000d5580000, 0x00000000e1a80000, 0x0000000100000000)
  eden space 147456K, 100% used [0x00000000d5580000,0x00000000de580000,0x00000000de580000)
  from space 26112K, 56% used [0x00000000e0100000,0x00000000e0f50ea0,0x00000000e1a80000)
  to   space 27136K, 0% used [0x00000000de580000,0x00000000de580000,0x00000000e0000000)
 ParOldGen       total 137728K, used 49159K [0x0000000080000000, 0x0000000088680000, 0x00000000d5580000)
  object space 137728K, 35% used [0x0000000080000000,0x0000000083001e60,0x0000000088680000)
 Metaspace       used 76320K, capacity 80066K, committed 80304K, reserved 1118208K
  class space    used 10159K, capacity 10918K, committed 10928K, reserved 1048576K
Event: 552.665 GC heap after
Heap after GC invocations=24 (full 3):
 PSYoungGen      total 160768K, used 17399K [0x00000000d5580000, 0x00000000e1780000, 0x0000000100000000)
  eden space 143360K, 0% used [0x00000000d5580000,0x00000000d5580000,0x00000000de180000)
  from space 17408K, 99% used [0x00000000de580000,0x00000000df67dc28,0x00000000df680000)
  to   space 27648K, 0% used [0x00000000dfc80000,0x00000000dfc80000,0x00000000e1780000)
 ParOldGen       total 137728K, used 49167K [0x0000000080000000, 0x0000000088680000, 0x00000000d5580000)
  object space 137728K, 35% used [0x0000000080000000,0x0000000083003e60,0x0000000088680000)
 Metaspace       used 76320K, capacity 80066K, committed 80304K, reserved 1118208K
  class space    used 10159K, capacity 10918K, committed 10928K, reserved 1048576K
}
Event: 558.014 GC heap before
{Heap before GC invocations=25 (full 3):
 PSYoungGen      total 160768K, used 154945K [0x00000000d5580000, 0x00000000e1780000, 0x0000000100000000)
  eden space 143360K, 95% used [0x00000000d5580000,0x00000000ddbd28e8,0x00000000de180000)
  from space 17408K, 99% used [0x00000000de580000,0x00000000df67dc28,0x00000000df680000)
  to   space 27648K, 0% used [0x00000000dfc80000,0x00000000dfc80000,0x00000000e1780000)
 ParOldGen       total 137728K, used 49167K [0x0000000080000000, 0x0000000088680000, 0x00000000d5580000)
  object space 137728K, 35% used [0x0000000080000000,0x0000000083003e60,0x0000000088680000)
 Metaspace       used 88509K, capacity 93146K, committed 93360K, reserved 1130496K
  class space    used 11842K, capacity 12688K, committed 12720K, reserved 1048576K
Event: 558.039 GC heap after
Heap after GC invocations=25 (full 3):
 PSYoungGen      total 158720K, used 27635K [0x00000000d5580000, 0x00000000e2b80000, 0x0000000100000000)
  eden space 131072K, 0% used [0x00000000d5580000,0x00000000d5580000,0x00000000dd580000)
  from space 27648K, 99% used [0x00000000dfc80000,0x00000000e177cfb8,0x00000000e1780000)
  to   space 39936K, 0% used [0x00000000dd580000,0x00000000dd580000,0x00000000dfc80000)
 ParOldGen       total 137728K, used 72375K [0x0000000080000000, 0x0000000088680000, 0x00000000d5580000)
  object space 137728K, 52% used [0x0000000080000000,0x00000000846adf60,0x0000000088680000)
 Metaspace       used 88509K, capacity 93146K, committed 93360K, reserved 1130496K
  class space    used 11842K, capacity 12688K, committed 12720K, reserved 1048576K
}
Event: 558.730 GC heap before
{Heap before GC invocations=26 (full 3):
 PSYoungGen      total 158720K, used 158707K [0x00000000d5580000, 0x00000000e2b80000, 0x0000000100000000)
  eden space 131072K, 100% used [0x00000000d5580000,0x00000000dd580000,0x00000000dd580000)
  from space 27648K, 99% used [0x00000000dfc80000,0x00000000e177cfb8,0x00000000e1780000)
  to   space 39936K, 0% used [0x00000000dd580000,0x00000000dd580000,0x00000000dfc80000)
 ParOldGen       total 137728K, used 72375K [0x0000000080000000, 0x0000000088680000, 0x00000000d5580000)
  object space 137728K, 52% used [0x0000000080000000,0x00000000846adf60,0x0000000088680000)
 Metaspace       used 89411K, capacity 94156K, committed 94384K, reserved 1130496K
  class space    used 11982K, capacity 12863K, committed 12976K, reserved 1048576K
Event: 558.797 GC heap after
Heap after GC invocations=26 (full 3):
 PSYoungGen      total 171008K, used 39920K [0x00000000d5580000, 0x00000000e6a00000, 0x0000000100000000)
  eden space 131072K, 0% used [0x00000000d5580000,0x00000000d5580000,0x00000000dd580000)
  from space 39936K, 99% used [0x00000000dd580000,0x00000000dfc7c190,0x00000000dfc80000)
  to   space 59904K, 0% used [0x00000000e2f80000,0x00000000e2f80000,0x00000000e6a00000)
 ParOldGen       total 137728K, used 108373K [0x0000000080000000, 0x0000000088680000, 0x00000000d5580000)
  object space 137728K, 78% used [0x0000000080000000,0x00000000869d5708,0x0000000088680000)
 Metaspace       used 89411K, capacity 94156K, committed 94384K, reserved 1130496K
  class space    used 11982K, capacity 12863K, committed 12976K, reserved 1048576K
}
Event: 559.857 GC heap before
{Heap before GC invocations=27 (full 3):
 PSYoungGen      total 171008K, used 170992K [0x00000000d5580000, 0x00000000e6a00000, 0x0000000100000000)
  eden space 131072K, 100% used [0x00000000d5580000,0x00000000dd580000,0x00000000dd580000)
  from space 39936K, 99% used [0x00000000dd580000,0x00000000dfc7c190,0x00000000dfc80000)
  to   space 59904K, 0% used [0x00000000e2f80000,0x00000000e2f80000,0x00000000e6a00000)
 ParOldGen       total 137728K, used 108373K [0x0000000080000000, 0x0000000088680000, 0x00000000d5580000)
  object space 137728K, 78% used [0x0000000080000000,0x00000000869d5708,0x0000000088680000)
 Metaspace       used 89623K, capacity 94454K, committed 94640K, reserved 1130496K
  class space    used 11984K, capacity 12864K, committed 12976K, reserved 1048576K
Event: 559.900 GC heap after
Heap after GC invocations=27 (full 3):
 PSYoungGen      total 214528K, used 55719K [0x00000000d5580000, 0x00000000e7d00000, 0x0000000100000000)
  eden space 154624K, 0% used [0x00000000d5580000,0x00000000d5580000,0x00000000dec80000)
  from space 59904K, 93% used [0x00000000e2f80000,0x00000000e65e9f60,0x00000000e6a00000)
  to   space 68608K, 0% used [0x00000000dec80000,0x00000000dec80000,0x00000000e2f80000)
 ParOldGen       total 137728K, used 119769K [0x0000000080000000, 0x0000000088680000, 0x00000000d5580000)
  object space 137728K, 86% used [0x0000000080000000,0x00000000874f64d0,0x0000000088680000)
 Metaspace       used 89623K, capacity 94454K, committed 94640K, reserved 1130496K
  class space    used 11984K, capacity 12864K, committed 12976K, reserved 1048576K
}
Event: 559.900 GC heap before
{Heap before GC invocations=28 (full 4):
 PSYoungGen      total 214528K, used 55719K [0x00000000d5580000, 0x00000000e7d00000, 0x0000000100000000)
  eden space 154624K, 0% used [0x00000000d5580000,0x00000000d5580000,0x00000000dec80000)
  from space 59904K, 93% used [0x00000000e2f80000,0x00000000e65e9f60,0x00000000e6a00000)
  to   space 68608K, 0% used [0x00000000dec80000,0x00000000dec80000,0x00000000e2f80000)
 ParOldGen       total 137728K, used 119769K [0x0000000080000000, 0x0000000088680000, 0x00000000d5580000)
  object space 137728K, 86% used [0x0000000080000000,0x00000000874f64d0,0x0000000088680000)
 Metaspace       used 89623K, capacity 94454K, committed 94640K, reserved 1130496K
  class space    used 11984K, capacity 12864K, committed 12976K, reserved 1048576K
Event: 561.258 GC heap after
Heap after GC invocations=28 (full 4):
 PSYoungGen      total 214528K, used 6766K [0x00000000d5580000, 0x00000000e7d00000, 0x0000000100000000)
  eden space 154624K, 0% used [0x00000000d5580000,0x00000000d5580000,0x00000000dec80000)
  from space 59904K, 11% used [0x00000000e2f80000,0x00000000e361bbd0,0x00000000e6a00000)
  to   space 68608K, 0% used [0x00000000dec80000,0x00000000dec80000,0x00000000e2f80000)
 ParOldGen       total 283648K, used 137369K [0x0000000080000000, 0x0000000091500000, 0x00000000d5580000)
  object space 283648K, 48% used [0x0000000080000000,0x0000000088626540,0x0000000091500000)
 Metaspace       used 89305K, capacity 93576K, committed 94640K, reserved 1130496K
  class space    used 11875K, capacity 12671K, committed 12976K, reserved 1048576K
}

